31-07-2025 14:07:33 - [discord.client] - [INFO]: Logging in using static token.
31-07-2025 14:07:34 - [discord.http] - [INFO]: Found user agent Mozilla/5.0 (Windows NT 10.0; Win64; x64) AppleWebKit/537.36 (KHTML, like Gecko) Chrome/139.0.0.0 Safari/537.36, build number 424965.
31-07-2025 14:07:37 - [discord.gateway] - [INFO]: Connected to Gateway (Session ID: 322ae57f5880cfcb9995a92382d25ed4).
31-07-2025 14:07:38 - [SELFBOT] - [INFO]: Logged In As innocent_jimmy#0
31-07-2025 14:07:38 - [SELFBOT] - [INFO]: Loaded 1 Extensions
31-07-2025 14:07:38 - [SELFBOT] - [INFO]: Default Prefix: ..
31-07-2025 14:07:38 - [SELFBOT] - [INFO]: Cached Guilds: 74
31-07-2025 14:07:38 - [SELFBOT] - [INFO]: Cached Users: 665
31-07-2025 14:07:38 - [SELFBOT] - [INFO]: Latency: 16ms
31-07-2025 14:10:15 - [discord.client] - [INFO]: Logging in using static token.
31-07-2025 14:10:15 - [discord.http] - [INFO]: Found user agent Mozilla/5.0 (Windows NT 10.0; Win64; x64) AppleWebKit/537.36 (KHTML, like Gecko) Chrome/139.0.0.0 Safari/537.36, build number 424965.
31-07-2025 14:10:16 - [SELFBOT] - [ERROR]: Failed to load extension: Extension 'cogs.hidden' raised an error: TypeError: Hidden.__init_subclass__() takes no keyword arguments
31-07-2025 14:10:20 - [discord.gateway] - [INFO]: Connected to Gateway (Session ID: 38784b102e28f73cbd02a5e53f621e86).
31-07-2025 14:10:21 - [SELFBOT] - [INFO]: Logged In As innocent_jimmy#0
31-07-2025 14:10:21 - [SELFBOT] - [INFO]: Loaded 0 Extensions
31-07-2025 14:10:21 - [SELFBOT] - [INFO]: Default Prefix: ..
31-07-2025 14:10:21 - [SELFBOT] - [INFO]: Cached Guilds: 74
31-07-2025 14:10:21 - [SELFBOT] - [INFO]: Cached Users: 672
31-07-2025 14:10:21 - [SELFBOT] - [INFO]: Latency: 18ms
31-07-2025 14:10:28 - [discord.client] - [INFO]: Logging in using static token.
31-07-2025 14:10:28 - [discord.http] - [INFO]: Found user agent Mozilla/5.0 (Windows NT 10.0; Win64; x64) AppleWebKit/537.36 (KHTML, like Gecko) Chrome/139.0.0.0 Safari/537.36, build number 424965.
31-07-2025 14:10:28 - [SELFBOT] - [ERROR]: Failed to load extension: Extension 'cogs.hidden' raised an error: TypeError: Hidden.__init_subclass__() takes no keyword arguments
31-07-2025 14:10:51 - [discord.client] - [INFO]: Logging in using static token.
31-07-2025 14:10:51 - [discord.http] - [INFO]: Found user agent Mozilla/5.0 (Windows NT 10.0; Win64; x64) AppleWebKit/537.36 (KHTML, like Gecko) Chrome/139.0.0.0 Safari/537.36, build number 424965.
31-07-2025 14:10:55 - [discord.gateway] - [INFO]: Connected to Gateway (Session ID: bf6b4355c4f0497dad3c890e34787eb7).
31-07-2025 14:10:56 - [SELFBOT] - [INFO]: Logged In As innocent_jimmy#0
31-07-2025 14:10:56 - [SELFBOT] - [INFO]: Loaded 1 Extensions
31-07-2025 14:10:56 - [SELFBOT] - [INFO]: Default Prefix: ..
31-07-2025 14:10:56 - [SELFBOT] - [INFO]: Cached Guilds: 74
31-07-2025 14:10:56 - [SELFBOT] - [INFO]: Cached Users: 668
31-07-2025 14:10:56 - [SELFBOT] - [INFO]: Latency: 15ms
31-07-2025 14:12:48 - [discord.client] - [INFO]: Logging in using static token.
31-07-2025 14:12:48 - [discord.http] - [INFO]: Found user agent Mozilla/5.0 (Windows NT 10.0; Win64; x64) AppleWebKit/537.36 (KHTML, like Gecko) Chrome/139.0.0.0 Safari/537.36, build number 424965.
31-07-2025 14:12:51 - [discord.gateway] - [INFO]: Connected to Gateway (Session ID: 17180d45d690efb8384e580b3ff53c3d).
31-07-2025 14:12:51 - [SELFBOT] - [INFO]: Logged In As innocent_jimmy#0
31-07-2025 14:12:51 - [SELFBOT] - [INFO]: Loaded 1 Extensions
31-07-2025 14:12:51 - [SELFBOT] - [INFO]: Default Prefix: ..
31-07-2025 14:12:51 - [SELFBOT] - [INFO]: Cached Guilds: 74
31-07-2025 14:12:51 - [SELFBOT] - [INFO]: Cached Users: 655
31-07-2025 14:12:51 - [SELFBOT] - [INFO]: Latency: 15ms
31-07-2025 14:16:06 - [discord.client] - [INFO]: Logging in using static token.
31-07-2025 14:16:06 - [discord.http] - [INFO]: Found user agent Mozilla/5.0 (Windows NT 10.0; Win64; x64) AppleWebKit/537.36 (KHTML, like Gecko) Chrome/139.0.0.0 Safari/537.36, build number 424965.
31-07-2025 14:16:09 - [discord.gateway] - [INFO]: Connected to Gateway (Session ID: ea865e0cde70c39f83e88c988e9adcd9).
31-07-2025 14:16:10 - [SELFBOT] - [INFO]: Logged In As innocent_jimmy#0
31-07-2025 14:16:10 - [SELFBOT] - [INFO]: Loaded 1 Extensions
31-07-2025 14:16:10 - [SELFBOT] - [INFO]: Default Prefix: ..
31-07-2025 14:16:10 - [SELFBOT] - [INFO]: Cached Guilds: 74
31-07-2025 14:16:10 - [SELFBOT] - [INFO]: Cached Users: 658
31-07-2025 14:16:10 - [SELFBOT] - [INFO]: Latency: 15ms
31-07-2025 14:17:54 - [discord.client] - [INFO]: Logging in using static token.
31-07-2025 14:17:54 - [discord.http] - [INFO]: Found user agent Mozilla/5.0 (Windows NT 10.0; Win64; x64) AppleWebKit/537.36 (KHTML, like Gecko) Chrome/139.0.0.0 Safari/537.36, build number 424965.
31-07-2025 14:17:57 - [discord.gateway] - [INFO]: Connected to Gateway (Session ID: 66e1cef0f1eca188f88b5f9cbf8075b1).
31-07-2025 14:17:58 - [SELFBOT] - [INFO]: Logged In As innocent_jimmy#0
31-07-2025 14:17:58 - [SELFBOT] - [INFO]: Loaded 1 Extensions
31-07-2025 14:17:58 - [SELFBOT] - [INFO]: Default Prefix: ..
31-07-2025 14:17:58 - [SELFBOT] - [INFO]: Cached Guilds: 74
31-07-2025 14:17:58 - [SELFBOT] - [INFO]: Cached Users: 666
31-07-2025 14:17:58 - [SELFBOT] - [INFO]: Latency: 15ms
31-07-2025 14:19:21 - [discord.client] - [INFO]: Logging in using static token.
31-07-2025 14:19:21 - [discord.http] - [INFO]: Found user agent Mozilla/5.0 (Windows NT 10.0; Win64; x64) AppleWebKit/537.36 (KHTML, like Gecko) Chrome/139.0.0.0 Safari/537.36, build number 424965.
31-07-2025 14:19:25 - [discord.gateway] - [INFO]: Connected to Gateway (Session ID: 107945f006384ab1b56d331959b65825).
31-07-2025 14:19:26 - [SELFBOT] - [INFO]: Logged In As innocent_jimmy#0
31-07-2025 14:19:26 - [SELFBOT] - [INFO]: Loaded 1 Extensions
31-07-2025 14:19:26 - [SELFBOT] - [INFO]: Default Prefix: ..
31-07-2025 14:19:26 - [SELFBOT] - [INFO]: Cached Guilds: 74
31-07-2025 14:19:26 - [SELFBOT] - [INFO]: Cached Users: 676
31-07-2025 14:19:26 - [SELFBOT] - [INFO]: Latency: 15ms
31-07-2025 14:21:37 - [discord.client] - [INFO]: Logging in using static token.
31-07-2025 14:21:37 - [discord.http] - [INFO]: Found user agent Mozilla/5.0 (Windows NT 10.0; Win64; x64) AppleWebKit/537.36 (KHTML, like Gecko) Chrome/139.0.0.0 Safari/537.36, build number 424965.
31-07-2025 14:21:40 - [discord.gateway] - [INFO]: Connected to Gateway (Session ID: ae4f676c2888426bbabeb0ca627b68c0).
31-07-2025 14:21:41 - [SELFBOT] - [INFO]: Logged In As innocent_jimmy#0
31-07-2025 14:21:41 - [SELFBOT] - [INFO]: Loaded 1 Extensions
31-07-2025 14:21:41 - [SELFBOT] - [INFO]: Default Prefix: ..
31-07-2025 14:21:41 - [SELFBOT] - [INFO]: Cached Guilds: 74
31-07-2025 14:21:41 - [SELFBOT] - [INFO]: Cached Users: 668
31-07-2025 14:21:41 - [SELFBOT] - [INFO]: Latency: 15ms
31-07-2025 14:21:48 - [discord.http] - [WARNING]: We are being rate limited. DELETE https://discord.com/api/v9/channels/1220010610582880256/messages/1400399458977447957 responded with 429. Retrying in 0.30 seconds.
31-07-2025 14:21:49 - [discord.http] - [WARNING]: We are being rate limited. DELETE https://discord.com/api/v9/channels/1220010610582880256/messages/1400399278735753236 responded with 429. Retrying in 0.30 seconds.
31-07-2025 14:21:49 - [discord.http] - [WARNING]: We are being rate limited. DELETE https://discord.com/api/v9/channels/1220010610582880256/messages/1400399157205798923 responded with 429. Retrying in 0.30 seconds.
31-07-2025 14:21:50 - [discord.http] - [WARNING]: We are being rate limited. DELETE https://discord.com/api/v9/channels/1220010610582880256/messages/1400399156346093578 responded with 429. Retrying in 0.30 seconds.
31-07-2025 14:21:57 - [discord.http] - [WARNING]: We are being rate limited. DELETE https://discord.com/api/v9/channels/1220010610582880256/messages/1400397894183420024 responded with 429. Retrying in 0.30 seconds.
31-07-2025 14:21:58 - [discord.http] - [WARNING]: We are being rate limited. DELETE https://discord.com/api/v9/channels/1220010610582880256/messages/1400397893126324336 responded with 429. Retrying in 0.30 seconds.
31-07-2025 14:21:59 - [discord.http] - [WARNING]: We are being rate limited. DELETE https://discord.com/api/v9/channels/1220010610582880256/messages/1400397856644403221 responded with 429. Retrying in 0.30 seconds.
31-07-2025 14:29:51 - [discord.client] - [INFO]: Logging in using static token.
31-07-2025 14:29:52 - [discord.http] - [INFO]: Found user agent Mozilla/5.0 (Windows NT 10.0; Win64; x64) AppleWebKit/537.36 (KHTML, like Gecko) Chrome/139.0.0.0 Safari/537.36, build number 424965.
31-07-2025 14:29:55 - [discord.gateway] - [INFO]: Connected to Gateway (Session ID: 0e3430db182c5da22b363321e5eaee90).
31-07-2025 14:29:55 - [SELFBOT] - [INFO]: Logged In As innocent_jimmy#0
31-07-2025 14:29:55 - [SELFBOT] - [INFO]: Loaded 1 Extensions
31-07-2025 14:29:55 - [SELFBOT] - [INFO]: Default Prefix: ..
31-07-2025 14:29:55 - [SELFBOT] - [INFO]: Cached Guilds: 74
31-07-2025 14:29:55 - [SELFBOT] - [INFO]: Cached Users: 696
31-07-2025 14:29:55 - [SELFBOT] - [INFO]: Latency: 24ms
31-07-2025 14:31:23 - [discord.client] - [INFO]: Logging in using static token.
31-07-2025 14:31:23 - [discord.http] - [INFO]: Found user agent Mozilla/5.0 (Windows NT 10.0; Win64; x64) AppleWebKit/537.36 (KHTML, like Gecko) Chrome/139.0.0.0 Safari/537.36, build number 424965.
31-07-2025 14:31:26 - [discord.gateway] - [INFO]: Connected to Gateway (Session ID: 069e5a08a0c7b22426b889d11936ec10).
31-07-2025 14:31:27 - [SELFBOT] - [INFO]: Logged In As innocent_jimmy#0
31-07-2025 14:31:27 - [SELFBOT] - [INFO]: Loaded 1 Extensions
31-07-2025 14:31:27 - [SELFBOT] - [INFO]: Default Prefix: ..
31-07-2025 14:31:27 - [SELFBOT] - [INFO]: Cached Guilds: 74
31-07-2025 14:31:27 - [SELFBOT] - [INFO]: Cached Users: 698
31-07-2025 14:31:27 - [SELFBOT] - [INFO]: Latency: 16ms
31-07-2025 14:56:04 - [discord.client] - [INFO]: Logging in using static token.
31-07-2025 14:56:04 - [discord.http] - [INFO]: Found user agent Mozilla/5.0 (Windows NT 10.0; Win64; x64) AppleWebKit/537.36 (KHTML, like Gecko) Chrome/139.0.0.0 Safari/537.36, build number 424965.
31-07-2025 14:56:08 - [discord.gateway] - [INFO]: Connected to Gateway (Session ID: 35573d70124183f02dea90c85fed1c4e).
31-07-2025 14:56:08 - [SELFBOT] - [INFO]: Logged In As innocent_jimmy#0
31-07-2025 14:56:08 - [SELFBOT] - [INFO]: Loaded 1 Extensions
31-07-2025 14:56:08 - [SELFBOT] - [INFO]: Default Prefix: ..
31-07-2025 14:56:08 - [SELFBOT] - [INFO]: Cached Guilds: 74
31-07-2025 14:56:08 - [SELFBOT] - [INFO]: Cached Users: 697
31-07-2025 14:56:08 - [SELFBOT] - [INFO]: Latency: 18ms
31-07-2025 14:56:20 - [discord.ext.commands.bot] - [ERROR]: Ignoring exception in command ping
Traceback (most recent call last):
  File "C:\Users\Administrator\AppData\Local\Programs\Python\Python310\lib\site-packages\discord\ext\commands\core.py", line 236, in wrapped
    ret = await coro(*args, **kwargs)
  File "c:\Users\Administrator\Desktop\Discord\cogs\hidden.py", line 13, in ping
    await ctx.edit_or_send(f'üèì Pong! {round(self.client.latency * 1000)}ms', delete_after=10)
TypeError: CustomContext.edit_or_send() takes 1 positional argument but 2 were given

The above exception was the direct cause of the following exception:

Traceback (most recent call last):
  File "C:\Users\Administrator\AppData\Local\Programs\Python\Python310\lib\site-packages\discord\ext\commands\bot.py", line 1169, in invoke
    await ctx.command.invoke(ctx)
  File "C:\Users\Administrator\AppData\Local\Programs\Python\Python310\lib\site-packages\discord\ext\commands\core.py", line 1020, in invoke
    await injected(*ctx.args, **ctx.kwargs)  # type: ignore
  File "C:\Users\Administrator\AppData\Local\Programs\Python\Python310\lib\site-packages\discord\ext\commands\core.py", line 245, in wrapped
    raise CommandInvokeError(exc) from exc
discord.ext.commands.errors.CommandInvokeError: Command raised an exception: TypeError: CustomContext.edit_or_send() takes 1 positional argument but 2 were given
31-07-2025 15:01:03 - [discord.client] - [INFO]: Logging in using static token.
31-07-2025 15:01:03 - [discord.http] - [INFO]: Found user agent Mozilla/5.0 (Windows NT 10.0; Win64; x64) AppleWebKit/537.36 (KHTML, like Gecko) Chrome/139.0.0.0 Safari/537.36, build number 424965.
31-07-2025 15:01:07 - [discord.gateway] - [INFO]: Connected to Gateway (Session ID: 382a2ce4b462698341106cd5b6b4e7ee).
31-07-2025 15:01:08 - [SELFBOT] - [INFO]: Logged In As innocent_jimmy#0
31-07-2025 15:01:08 - [SELFBOT] - [INFO]: Loaded 1 Extensions
31-07-2025 15:01:08 - [SELFBOT] - [INFO]: Default Prefix: ..
31-07-2025 15:01:08 - [SELFBOT] - [INFO]: Cached Guilds: 74
31-07-2025 15:01:08 - [SELFBOT] - [INFO]: Cached Users: 681
31-07-2025 15:01:08 - [SELFBOT] - [INFO]: Latency: 16ms
