30-07-2025 22:41:14 - [discord.client] - [INFO]: Logging in using static token.
30-07-2025 22:41:14 - [discord.http] - [INFO]: Found user agent Mozilla/5.0 (Windows NT 10.0; Win64; x64) AppleWebKit/537.36 (KHTML, like Gecko) Chrome/138.0.0.0 Safari/537.36, build number 424965.
30-07-2025 22:41:18 - [discord.gateway] - [INFO]: Connected to Gateway (Session ID: 7ef35831d47ddf7ec71f2951b6b74979).
30-07-2025 22:41:18 - [discord.state] - [WARNING]: Member list scraping failed for 1381224020585877524 (Failed to automatically choose channels; please specify them manually).
30-07-2025 22:41:18 - [discord.state] - [WARNING]: Member list scraping failed for 1387873754683543654 (Failed to automatically choose channels; please specify them manually).
30-07-2025 22:41:18 - [discord.state] - [WARNING]: Member list scraping failed for 1333031195688042597 (Failed to automatically choose channels; please specify them manually).
30-07-2025 22:41:18 - [discord.state] - [WARNING]: Member list scraping failed for 979291341127311360 (Failed to automatically choose channels; please specify them manually).
30-07-2025 22:41:18 - [discord.state] - [WARNING]: Member list scraping failed for 1318586070212022352 (Failed to automatically choose channels; please specify them manually).
30-07-2025 22:41:19 - [SELFBOT] - [INFO]: Logged In As innocent_jimmy#0
30-07-2025 22:41:19 - [SELFBOT] - [INFO]: Loaded 1 Extensions
30-07-2025 22:41:19 - [SELFBOT] - [INFO]: Default Prefix: ['..']
30-07-2025 22:41:19 - [SELFBOT] - [INFO]: Cached Guilds: 74
30-07-2025 22:41:19 - [SELFBOT] - [INFO]: Cached Users: 4982
30-07-2025 22:41:19 - [SELFBOT] - [INFO]: Latency: 16ms
30-07-2025 22:46:24 - [discord.ext.commands.bot] - [ERROR]: Ignoring exception in command None
discord.ext.commands.errors.CommandNotFound: Command ".do" is not found
30-07-2025 22:47:11 - [discord.ext.commands.bot] - [ERROR]: Ignoring exception in command None
discord.ext.commands.errors.CommandNotFound: Command "." is not found
30-07-2025 22:47:58 - [discord.ext.commands.bot] - [ERROR]: Ignoring exception in command None
discord.ext.commands.errors.CommandNotFound: Command ".." is not found
30-07-2025 22:49:53 - [MAIN] - [CRITICAL]: Bot stopped by user with Ctrl+C.
30-07-2025 22:49:53 - [asyncio] - [ERROR]: Task was destroyed but it is pending!
task: <Task pending name='discord.py: on_message' coro=<Client._run_event() running at C:\Users\Administrator\AppData\Local\Programs\Python\Python310\lib\site-packages\discord\client.py:499>>
30-07-2025 22:55:54 - [discord.ext.commands.bot] - [ERROR]: Ignoring exception in command None
discord.ext.commands.errors.CommandNotFound: Command "." is not found
30-07-2025 22:57:26 - [discord.client] - [INFO]: Logging in using static token.
30-07-2025 22:57:26 - [discord.http] - [INFO]: Found user agent Mozilla/5.0 (Windows NT 10.0; Win64; x64) AppleWebKit/537.36 (KHTML, like Gecko) Chrome/138.0.0.0 Safari/537.36, build number 424965.
30-07-2025 22:57:30 - [discord.gateway] - [INFO]: Connected to Gateway (Session ID: dd11064ae9f058f8cf0359787e3d4c46).
30-07-2025 22:57:31 - [discord.state] - [WARNING]: Member list scraping failed for 1381224020585877524 (Failed to automatically choose channels; please specify them manually).
30-07-2025 22:57:31 - [discord.state] - [WARNING]: Member list scraping failed for 1387873754683543654 (Failed to automatically choose channels; please specify them manually).
30-07-2025 22:57:31 - [discord.state] - [WARNING]: Member list scraping failed for 1333031195688042597 (Failed to automatically choose channels; please specify them manually).
30-07-2025 22:57:31 - [discord.state] - [WARNING]: Member list scraping failed for 979291341127311360 (Failed to automatically choose channels; please specify them manually).
30-07-2025 22:57:31 - [discord.state] - [WARNING]: Member list scraping failed for 1318586070212022352 (Failed to automatically choose channels; please specify them manually).
30-07-2025 22:57:32 - [SELFBOT] - [INFO]: Logged In As innocent_jimmy#0
30-07-2025 22:57:32 - [SELFBOT] - [INFO]: Loaded 1 Extensions
30-07-2025 22:57:32 - [SELFBOT] - [INFO]: Default Prefix: ['..']
30-07-2025 22:57:32 - [SELFBOT] - [INFO]: Cached Guilds: 74
30-07-2025 22:57:32 - [SELFBOT] - [INFO]: Cached Users: 5014
30-07-2025 22:57:32 - [SELFBOT] - [INFO]: Latency: 15ms
30-07-2025 22:57:43 - [discord.ext.commands.bot] - [ERROR]: Ignoring exception in command None
discord.ext.commands.errors.CommandNotFound: Command "purge" is not found
30-07-2025 22:57:56 - [discord.ext.commands.bot] - [ERROR]: Ignoring exception in command purge
Traceback (most recent call last):
  File "C:\Users\Administrator\AppData\Local\Programs\Python\Python310\lib\site-packages\discord\ext\commands\core.py", line 236, in wrapped
    ret = await coro(*args, **kwargs)
  File "C:\Users\Administrator\Desktop\Discord\cogs\hidden.py", line 17, in purge
    await ctx.purge(limit=10)
AttributeError: 'Context' object has no attribute 'purge'

The above exception was the direct cause of the following exception:

Traceback (most recent call last):
  File "C:\Users\Administrator\AppData\Local\Programs\Python\Python310\lib\site-packages\discord\ext\commands\bot.py", line 1169, in invoke
    await ctx.command.invoke(ctx)
  File "C:\Users\Administrator\AppData\Local\Programs\Python\Python310\lib\site-packages\discord\ext\commands\core.py", line 1020, in invoke
    await injected(*ctx.args, **ctx.kwargs)  # type: ignore
  File "C:\Users\Administrator\AppData\Local\Programs\Python\Python310\lib\site-packages\discord\ext\commands\core.py", line 245, in wrapped
    raise CommandInvokeError(exc) from exc
discord.ext.commands.errors.CommandInvokeError: Command raised an exception: AttributeError: 'Context' object has no attribute 'purge'
30-07-2025 22:58:19 - [discord.ext.commands.bot] - [ERROR]: Ignoring exception in command None
discord.ext.commands.errors.CommandNotFound: Command "." is not found
30-07-2025 22:59:56 - [discord.ext.commands.bot] - [ERROR]: Ignoring exception in command None
discord.ext.commands.errors.CommandNotFound: Command "." is not found
30-07-2025 23:00:36 - [discord.client] - [INFO]: Logging in using static token.
30-07-2025 23:00:36 - [discord.http] - [INFO]: Found user agent Mozilla/5.0 (Windows NT 10.0; Win64; x64) AppleWebKit/537.36 (KHTML, like Gecko) Chrome/138.0.0.0 Safari/537.36, build number 424965.
30-07-2025 23:00:39 - [discord.gateway] - [INFO]: Connected to Gateway (Session ID: 8e067fe760de16b16f4d27b73b4122bc).
30-07-2025 23:00:40 - [discord.state] - [WARNING]: Member list scraping failed for 1381224020585877524 (Failed to automatically choose channels; please specify them manually).
30-07-2025 23:00:40 - [discord.state] - [WARNING]: Member list scraping failed for 1387873754683543654 (Failed to automatically choose channels; please specify them manually).
30-07-2025 23:00:40 - [discord.state] - [WARNING]: Member list scraping failed for 1333031195688042597 (Failed to automatically choose channels; please specify them manually).
30-07-2025 23:00:40 - [discord.state] - [WARNING]: Member list scraping failed for 979291341127311360 (Failed to automatically choose channels; please specify them manually).
30-07-2025 23:00:40 - [discord.state] - [WARNING]: Member list scraping failed for 1318586070212022352 (Failed to automatically choose channels; please specify them manually).
30-07-2025 23:00:41 - [SELFBOT] - [INFO]: Logged In As innocent_jimmy#0
30-07-2025 23:00:41 - [SELFBOT] - [INFO]: Loaded 1 Extensions
30-07-2025 23:00:41 - [SELFBOT] - [INFO]: Default Prefix: ['..']
30-07-2025 23:00:41 - [SELFBOT] - [INFO]: Cached Guilds: 74
30-07-2025 23:00:41 - [SELFBOT] - [INFO]: Cached Users: 5051
30-07-2025 23:00:41 - [SELFBOT] - [INFO]: Latency: 15ms
30-07-2025 23:00:49 - [discord.ext.commands.bot] - [ERROR]: Ignoring exception in command purge
Traceback (most recent call last):
  File "C:\Users\Administrator\AppData\Local\Programs\Python\Python310\lib\site-packages\discord\ext\commands\core.py", line 236, in wrapped
    ret = await coro(*args, **kwargs)
  File "C:\Users\Administrator\Desktop\Discord\cogs\hidden.py", line 17, in purge
    await ctx.purge(limit=10)
AttributeError: 'Context' object has no attribute 'purge'

The above exception was the direct cause of the following exception:

Traceback (most recent call last):
  File "C:\Users\Administrator\AppData\Local\Programs\Python\Python310\lib\site-packages\discord\ext\commands\bot.py", line 1169, in invoke
    await ctx.command.invoke(ctx)
  File "C:\Users\Administrator\AppData\Local\Programs\Python\Python310\lib\site-packages\discord\ext\commands\core.py", line 1020, in invoke
    await injected(*ctx.args, **ctx.kwargs)  # type: ignore
  File "C:\Users\Administrator\AppData\Local\Programs\Python\Python310\lib\site-packages\discord\ext\commands\core.py", line 245, in wrapped
    raise CommandInvokeError(exc) from exc
discord.ext.commands.errors.CommandInvokeError: Command raised an exception: AttributeError: 'Context' object has no attribute 'purge'
30-07-2025 23:01:24 - [discord.ext.commands.bot] - [ERROR]: Ignoring exception in command None
discord.ext.commands.errors.CommandNotFound: Command "." is not found
30-07-2025 23:02:10 - [MAIN] - [CRITICAL]: Bot stopped by user with Ctrl+C.
30-07-2025 23:03:33 - [discord.client] - [INFO]: Logging in using static token.
30-07-2025 23:03:33 - [discord.http] - [INFO]: Found user agent Mozilla/5.0 (Windows NT 10.0; Win64; x64) AppleWebKit/537.36 (KHTML, like Gecko) Chrome/138.0.0.0 Safari/537.36, build number 424965.
30-07-2025 23:03:37 - [discord.gateway] - [INFO]: Connected to Gateway (Session ID: 7e9e966f6cd8abfc808c87a31404f150).
30-07-2025 23:03:37 - [discord.state] - [WARNING]: Member list scraping failed for 1381224020585877524 (Failed to automatically choose channels; please specify them manually).
30-07-2025 23:03:37 - [discord.state] - [WARNING]: Member list scraping failed for 1387873754683543654 (Failed to automatically choose channels; please specify them manually).
30-07-2025 23:03:37 - [discord.state] - [WARNING]: Member list scraping failed for 1333031195688042597 (Failed to automatically choose channels; please specify them manually).
30-07-2025 23:03:37 - [discord.state] - [WARNING]: Member list scraping failed for 979291341127311360 (Failed to automatically choose channels; please specify them manually).
30-07-2025 23:03:37 - [discord.state] - [WARNING]: Member list scraping failed for 1318586070212022352 (Failed to automatically choose channels; please specify them manually).
30-07-2025 23:03:39 - [SELFBOT] - [INFO]: Logged In As innocent_jimmy#0
30-07-2025 23:03:39 - [SELFBOT] - [INFO]: Loaded 1 Extensions
30-07-2025 23:03:39 - [SELFBOT] - [INFO]: Default Prefix: ['..']
30-07-2025 23:03:39 - [SELFBOT] - [INFO]: Cached Guilds: 74
30-07-2025 23:03:39 - [SELFBOT] - [INFO]: Cached Users: 5031
30-07-2025 23:03:39 - [SELFBOT] - [INFO]: Latency: 16ms
30-07-2025 23:03:46 - [discord.ext.commands.bot] - [ERROR]: Ignoring exception in command purge
Traceback (most recent call last):
  File "C:\Users\Administrator\AppData\Local\Programs\Python\Python310\lib\site-packages\discord\ext\commands\core.py", line 236, in wrapped
    ret = await coro(*args, **kwargs)
  File "C:\Users\Administrator\Desktop\Discord\cogs\hidden.py", line 17, in purge
    await ctx.purge(limit=10)
AttributeError: 'Context' object has no attribute 'purge'

The above exception was the direct cause of the following exception:

Traceback (most recent call last):
  File "C:\Users\Administrator\AppData\Local\Programs\Python\Python310\lib\site-packages\discord\ext\commands\bot.py", line 1169, in invoke
    await ctx.command.invoke(ctx)
  File "C:\Users\Administrator\AppData\Local\Programs\Python\Python310\lib\site-packages\discord\ext\commands\core.py", line 1020, in invoke
    await injected(*ctx.args, **ctx.kwargs)  # type: ignore
  File "C:\Users\Administrator\AppData\Local\Programs\Python\Python310\lib\site-packages\discord\ext\commands\core.py", line 245, in wrapped
    raise CommandInvokeError(exc) from exc
discord.ext.commands.errors.CommandInvokeError: Command raised an exception: AttributeError: 'Context' object has no attribute 'purge'
30-07-2025 23:06:02 - [discord.ext.commands.bot] - [ERROR]: Ignoring exception in command None
discord.ext.commands.errors.CommandNotFound: Command ".." is not found
30-07-2025 23:06:18 - [discord.ext.commands.bot] - [ERROR]: Ignoring exception in command None
discord.ext.commands.errors.CommandNotFound: Command "." is not found
30-07-2025 23:09:22 - [discord.client] - [INFO]: Logging in using static token.
30-07-2025 23:09:22 - [discord.http] - [INFO]: Found user agent Mozilla/5.0 (Windows NT 10.0; Win64; x64) AppleWebKit/537.36 (KHTML, like Gecko) Chrome/138.0.0.0 Safari/537.36, build number 424965.
30-07-2025 23:09:27 - [discord.gateway] - [INFO]: Connected to Gateway (Session ID: 7303963ef0be7022f0ea56009d3aca37).
30-07-2025 23:09:28 - [discord.state] - [WARNING]: Member list scraping failed for 1381224020585877524 (Failed to automatically choose channels; please specify them manually).
30-07-2025 23:09:28 - [discord.state] - [WARNING]: Member list scraping failed for 1387873754683543654 (Failed to automatically choose channels; please specify them manually).
30-07-2025 23:09:28 - [discord.state] - [WARNING]: Member list scraping failed for 1333031195688042597 (Failed to automatically choose channels; please specify them manually).
30-07-2025 23:09:28 - [discord.state] - [WARNING]: Member list scraping failed for 979291341127311360 (Failed to automatically choose channels; please specify them manually).
30-07-2025 23:09:28 - [discord.state] - [WARNING]: Member list scraping failed for 1318586070212022352 (Failed to automatically choose channels; please specify them manually).
30-07-2025 23:09:29 - [SELFBOT] - [INFO]: Logged In As innocent_jimmy#0
30-07-2025 23:09:29 - [SELFBOT] - [INFO]: Loaded 1 Extensions
30-07-2025 23:09:29 - [SELFBOT] - [INFO]: Default Prefix: ['..']
30-07-2025 23:09:29 - [SELFBOT] - [INFO]: Cached Guilds: 74
30-07-2025 23:09:29 - [SELFBOT] - [INFO]: Cached Users: 5036
30-07-2025 23:09:29 - [SELFBOT] - [INFO]: Latency: 19ms
30-07-2025 23:09:39 - [discord.ext.commands.bot] - [ERROR]: Ignoring exception in command purge
Traceback (most recent call last):
  File "C:\Users\Administrator\AppData\Local\Programs\Python\Python310\lib\site-packages\discord\ext\commands\core.py", line 236, in wrapped
    ret = await coro(*args, **kwargs)
  File "C:\Users\Administrator\Desktop\Discord\cogs\hidden.py", line 17, in purge
    await ctx.purge(limit=10)
AttributeError: 'Context' object has no attribute 'purge'

The above exception was the direct cause of the following exception:

Traceback (most recent call last):
  File "C:\Users\Administrator\AppData\Local\Programs\Python\Python310\lib\site-packages\discord\ext\commands\bot.py", line 1169, in invoke
    await ctx.command.invoke(ctx)
  File "C:\Users\Administrator\AppData\Local\Programs\Python\Python310\lib\site-packages\discord\ext\commands\core.py", line 1020, in invoke
    await injected(*ctx.args, **ctx.kwargs)  # type: ignore
  File "C:\Users\Administrator\AppData\Local\Programs\Python\Python310\lib\site-packages\discord\ext\commands\core.py", line 245, in wrapped
    raise CommandInvokeError(exc) from exc
discord.ext.commands.errors.CommandInvokeError: Command raised an exception: AttributeError: 'Context' object has no attribute 'purge'
30-07-2025 23:09:45 - [discord.ext.commands.bot] - [ERROR]: Ignoring exception in command None
discord.ext.commands.errors.CommandNotFound: Command "." is not found
30-07-2025 23:12:28 - [discord.ext.commands.bot] - [ERROR]: Ignoring exception in command None
discord.ext.commands.errors.CommandNotFound: Command "..." is not found
30-07-2025 23:12:44 - [discord.ext.commands.bot] - [ERROR]: Ignoring exception in command None
discord.ext.commands.errors.CommandNotFound: Command "purge" is not found
30-07-2025 23:13:22 - [discord.ext.commands.bot] - [ERROR]: Ignoring exception in command None
discord.ext.commands.errors.CommandNotFound: Command "purge" is not found
30-07-2025 23:16:53 - [discord.ext.commands.bot] - [ERROR]: Ignoring exception in command None
discord.ext.commands.errors.CommandNotFound: Command "..." is not found
30-07-2025 23:17:00 - [discord.ext.commands.bot] - [ERROR]: Ignoring exception in command None
discord.ext.commands.errors.CommandNotFound: Command "." is not found
30-07-2025 23:17:25 - [discord.ext.commands.bot] - [ERROR]: Ignoring exception in command None
discord.ext.commands.errors.CommandNotFound: Command "." is not found
30-07-2025 23:17:29 - [discord.ext.commands.bot] - [ERROR]: Ignoring exception in command None
discord.ext.commands.errors.CommandNotFound: Command "." is not found
30-07-2025 23:19:27 - [discord.ext.commands.bot] - [ERROR]: Ignoring exception in command None
discord.ext.commands.errors.CommandNotFound: Command "." is not found
30-07-2025 23:23:04 - [discord.ext.commands.bot] - [ERROR]: Ignoring exception in command None
discord.ext.commands.errors.CommandNotFound: Command ".." is not found
30-07-2025 23:23:57 - [discord.ext.commands.bot] - [ERROR]: Ignoring exception in command None
discord.ext.commands.errors.CommandNotFound: Command "." is not found
30-07-2025 23:29:07 - [discord.ext.commands.bot] - [ERROR]: Ignoring exception in command None
discord.ext.commands.errors.CommandNotFound: Command ".O" is not found
30-07-2025 23:30:58 - [discord.ext.commands.bot] - [ERROR]: Ignoring exception in command None
discord.ext.commands.errors.CommandNotFound: Command ".." is not found
30-07-2025 23:31:29 - [discord.client] - [INFO]: Logging in using static token.
30-07-2025 23:31:29 - [discord.http] - [INFO]: Found user agent Mozilla/5.0 (Windows NT 10.0; Win64; x64) AppleWebKit/537.36 (KHTML, like Gecko) Chrome/139.0.0.0 Safari/537.36, build number 424965.
30-07-2025 23:31:33 - [discord.gateway] - [INFO]: Connected to Gateway (Session ID: e4c047ee6ff23c2abf9ee1fc3e0c1744).
30-07-2025 23:31:34 - [discord.state] - [WARNING]: Member list scraping failed for 1381224020585877524 (Failed to automatically choose channels; please specify them manually).
30-07-2025 23:31:34 - [discord.state] - [WARNING]: Member list scraping failed for 1387873754683543654 (Failed to automatically choose channels; please specify them manually).
30-07-2025 23:31:34 - [discord.state] - [WARNING]: Member list scraping failed for 1333031195688042597 (Failed to automatically choose channels; please specify them manually).
30-07-2025 23:31:34 - [discord.state] - [WARNING]: Member list scraping failed for 979291341127311360 (Failed to automatically choose channels; please specify them manually).
30-07-2025 23:31:34 - [discord.state] - [WARNING]: Member list scraping failed for 1318586070212022352 (Failed to automatically choose channels; please specify them manually).
30-07-2025 23:31:35 - [SELFBOT] - [INFO]: Logged In As innocent_jimmy#0
30-07-2025 23:31:35 - [SELFBOT] - [INFO]: Loaded 1 Extensions
30-07-2025 23:31:35 - [SELFBOT] - [INFO]: Default Prefix: ['..']
30-07-2025 23:31:35 - [SELFBOT] - [INFO]: Cached Guilds: 74
30-07-2025 23:31:35 - [SELFBOT] - [INFO]: Cached Users: 4950
30-07-2025 23:31:35 - [SELFBOT] - [INFO]: Latency: 38ms
30-07-2025 23:32:50 - [discord.ext.commands.bot] - [ERROR]: Ignoring exception in command purge
Traceback (most recent call last):
  File "C:\Users\Administrator\AppData\Local\Programs\Python\Python310\lib\site-packages\discord\ext\commands\core.py", line 236, in wrapped
    ret = await coro(*args, **kwargs)
  File "C:\Users\Administrator\Desktop\Discord\cogs\hidden.py", line 17, in purge
    await ctx.purge(limit=10)
  File "C:\Users\Administrator\Desktop\Discord\core\context.py", line 19, in purge
    return await self.channel.purge(*args, **kwargs)
AttributeError: 'DMChannel' object has no attribute 'purge'

The above exception was the direct cause of the following exception:

Traceback (most recent call last):
  File "C:\Users\Administrator\AppData\Local\Programs\Python\Python310\lib\site-packages\discord\ext\commands\bot.py", line 1169, in invoke
    await ctx.command.invoke(ctx)
  File "C:\Users\Administrator\AppData\Local\Programs\Python\Python310\lib\site-packages\discord\ext\commands\core.py", line 1020, in invoke
    await injected(*ctx.args, **ctx.kwargs)  # type: ignore
  File "C:\Users\Administrator\AppData\Local\Programs\Python\Python310\lib\site-packages\discord\ext\commands\core.py", line 245, in wrapped
    raise CommandInvokeError(exc) from exc
discord.ext.commands.errors.CommandInvokeError: Command raised an exception: AttributeError: 'DMChannel' object has no attribute 'purge'
30-07-2025 23:37:29 - [discord.client] - [INFO]: Logging in using static token.
30-07-2025 23:37:30 - [discord.http] - [INFO]: Found user agent Mozilla/5.0 (Windows NT 10.0; Win64; x64) AppleWebKit/537.36 (KHTML, like Gecko) Chrome/139.0.0.0 Safari/537.36, build number 424965.
30-07-2025 23:37:34 - [discord.gateway] - [INFO]: Connected to Gateway (Session ID: 4969faf9382097205a59310927958d6c).
30-07-2025 23:37:35 - [discord.state] - [WARNING]: Member list scraping failed for 1381224020585877524 (Failed to automatically choose channels; please specify them manually).
30-07-2025 23:37:35 - [discord.state] - [WARNING]: Member list scraping failed for 1387873754683543654 (Failed to automatically choose channels; please specify them manually).
30-07-2025 23:37:35 - [discord.state] - [WARNING]: Member list scraping failed for 1333031195688042597 (Failed to automatically choose channels; please specify them manually).
30-07-2025 23:37:35 - [discord.state] - [WARNING]: Member list scraping failed for 979291341127311360 (Failed to automatically choose channels; please specify them manually).
30-07-2025 23:37:35 - [discord.state] - [WARNING]: Member list scraping failed for 1318586070212022352 (Failed to automatically choose channels; please specify them manually).
30-07-2025 23:37:36 - [SELFBOT] - [INFO]: Logged In As innocent_jimmy#0
30-07-2025 23:37:36 - [SELFBOT] - [INFO]: Loaded 1 Extensions
30-07-2025 23:37:36 - [SELFBOT] - [INFO]: Default Prefix: ['..']
30-07-2025 23:37:36 - [SELFBOT] - [INFO]: Cached Guilds: 74
30-07-2025 23:37:36 - [SELFBOT] - [INFO]: Cached Users: 4972
30-07-2025 23:37:36 - [SELFBOT] - [INFO]: Latency: 21ms
30-07-2025 23:37:47 - [discord.ext.commands.bot] - [ERROR]: Ignoring exception in command None
discord.ext.commands.errors.CommandNotFound: Command ".." is not found
30-07-2025 23:37:54 - [discord.ext.commands.bot] - [ERROR]: Ignoring exception in command purge
Traceback (most recent call last):
  File "C:\Users\Administrator\AppData\Local\Programs\Python\Python310\lib\site-packages\discord\ext\commands\core.py", line 236, in wrapped
    ret = await coro(*args, **kwargs)
  File "C:\Users\Administrator\Desktop\Discord\cogs\hidden.py", line 17, in purge
    await ctx.dm_purge(limit=10)
  File "C:\Users\Administrator\Desktop\Discord\core\context.py", line 29, in dm_purge
    return await self.channel.purge(*args, **kwargs)
AttributeError: 'DMChannel' object has no attribute 'purge'

The above exception was the direct cause of the following exception:

Traceback (most recent call last):
  File "C:\Users\Administrator\AppData\Local\Programs\Python\Python310\lib\site-packages\discord\ext\commands\bot.py", line 1169, in invoke
    await ctx.command.invoke(ctx)
  File "C:\Users\Administrator\AppData\Local\Programs\Python\Python310\lib\site-packages\discord\ext\commands\core.py", line 1020, in invoke
    await injected(*ctx.args, **ctx.kwargs)  # type: ignore
  File "C:\Users\Administrator\AppData\Local\Programs\Python\Python310\lib\site-packages\discord\ext\commands\core.py", line 245, in wrapped
    raise CommandInvokeError(exc) from exc
discord.ext.commands.errors.CommandInvokeError: Command raised an exception: AttributeError: 'DMChannel' object has no attribute 'purge'
30-07-2025 23:39:30 - [discord.gateway] - [INFO]: Gateway has successfully RESUMED session 3ead05ff4afde6b11967fc080b5661ae.
30-07-2025 23:43:31 - [discord.client] - [INFO]: Logging in using static token.
30-07-2025 23:43:31 - [discord.http] - [INFO]: Found user agent Mozilla/5.0 (Windows NT 10.0; Win64; x64) AppleWebKit/537.36 (KHTML, like Gecko) Chrome/139.0.0.0 Safari/537.36, build number 424965.
30-07-2025 23:43:35 - [discord.gateway] - [INFO]: Connected to Gateway (Session ID: 4b7e27ac61d7848e197b7ae1089b1b52).
30-07-2025 23:43:36 - [discord.state] - [WARNING]: Member list scraping failed for 1381224020585877524 (Failed to automatically choose channels; please specify them manually).
30-07-2025 23:43:36 - [discord.state] - [WARNING]: Member list scraping failed for 1387873754683543654 (Failed to automatically choose channels; please specify them manually).
30-07-2025 23:43:36 - [discord.state] - [WARNING]: Member list scraping failed for 1333031195688042597 (Failed to automatically choose channels; please specify them manually).
30-07-2025 23:43:36 - [discord.state] - [WARNING]: Member list scraping failed for 979291341127311360 (Failed to automatically choose channels; please specify them manually).
30-07-2025 23:43:36 - [discord.state] - [WARNING]: Member list scraping failed for 1318586070212022352 (Failed to automatically choose channels; please specify them manually).
30-07-2025 23:43:37 - [SELFBOT] - [INFO]: Logged In As innocent_jimmy#0
30-07-2025 23:43:37 - [SELFBOT] - [INFO]: Loaded 1 Extensions
30-07-2025 23:43:37 - [SELFBOT] - [INFO]: Default Prefix: ['..']
30-07-2025 23:43:37 - [SELFBOT] - [INFO]: Cached Guilds: 74
30-07-2025 23:43:37 - [SELFBOT] - [INFO]: Cached Users: 4960
30-07-2025 23:43:37 - [SELFBOT] - [INFO]: Latency: 30ms
31-07-2025 00:00:24 - [discord.client] - [INFO]: Logging in using static token.
31-07-2025 00:00:24 - [discord.http] - [INFO]: Found user agent Mozilla/5.0 (Windows NT 10.0; Win64; x64) AppleWebKit/537.36 (KHTML, like Gecko) Chrome/139.0.0.0 Safari/537.36, build number 424965.
31-07-2025 00:00:27 - [discord.gateway] - [INFO]: Connected to Gateway (Session ID: a8c5aab4250461ced60e66f204509fc4).
31-07-2025 00:00:28 - [discord.state] - [WARNING]: Member list scraping failed for 1381224020585877524 (Failed to automatically choose channels; please specify them manually).
31-07-2025 00:00:28 - [discord.state] - [WARNING]: Member list scraping failed for 1387873754683543654 (Failed to automatically choose channels; please specify them manually).
31-07-2025 00:00:28 - [discord.state] - [WARNING]: Member list scraping failed for 1333031195688042597 (Failed to automatically choose channels; please specify them manually).
31-07-2025 00:00:28 - [discord.state] - [WARNING]: Member list scraping failed for 979291341127311360 (Failed to automatically choose channels; please specify them manually).
31-07-2025 00:00:28 - [discord.state] - [WARNING]: Member list scraping failed for 1318586070212022352 (Failed to automatically choose channels; please specify them manually).
31-07-2025 00:00:29 - [SELFBOT] - [INFO]: Logged In As innocent_jimmy#0
31-07-2025 00:00:29 - [SELFBOT] - [INFO]: Loaded 1 Extensions
31-07-2025 00:00:29 - [SELFBOT] - [INFO]: Default Prefix: ['..']
31-07-2025 00:00:29 - [SELFBOT] - [INFO]: Cached Guilds: 74
31-07-2025 00:00:29 - [SELFBOT] - [INFO]: Cached Users: 4981
31-07-2025 00:00:29 - [SELFBOT] - [INFO]: Latency: 31ms
31-07-2025 00:00:48 - [discord.ext.commands.bot] - [ERROR]: Ignoring exception in command purge
Traceback (most recent call last):
  File "C:\Users\Administrator\AppData\Local\Programs\Python\Python310\lib\site-packages\discord\ext\commands\core.py", line 236, in wrapped
    ret = await coro(*args, **kwargs)
  File "C:\Users\Administrator\Desktop\Discord\cogs\hidden.py", line 18, in purge
    await ctx.dm_purge(limit=10)
AttributeError: 'CustomContext' object has no attribute 'dm_purge'

The above exception was the direct cause of the following exception:

Traceback (most recent call last):
  File "C:\Users\Administrator\AppData\Local\Programs\Python\Python310\lib\site-packages\discord\ext\commands\bot.py", line 1169, in invoke
    await ctx.command.invoke(ctx)
  File "C:\Users\Administrator\AppData\Local\Programs\Python\Python310\lib\site-packages\discord\ext\commands\core.py", line 1020, in invoke
    await injected(*ctx.args, **ctx.kwargs)  # type: ignore
  File "C:\Users\Administrator\AppData\Local\Programs\Python\Python310\lib\site-packages\discord\ext\commands\core.py", line 245, in wrapped
    raise CommandInvokeError(exc) from exc
discord.ext.commands.errors.CommandInvokeError: Command raised an exception: AttributeError: 'CustomContext' object has no attribute 'dm_purge'
31-07-2025 00:01:01 - [discord.ext.commands.bot] - [ERROR]: Ignoring exception in command None
discord.ext.commands.errors.CommandNotFound: Command ".." is not found
31-07-2025 00:01:37 - [discord.client] - [INFO]: Logging in using static token.
31-07-2025 00:01:37 - [discord.http] - [INFO]: Found user agent Mozilla/5.0 (Windows NT 10.0; Win64; x64) AppleWebKit/537.36 (KHTML, like Gecko) Chrome/139.0.0.0 Safari/537.36, build number 424965.
31-07-2025 00:01:41 - [discord.gateway] - [INFO]: Connected to Gateway (Session ID: 52ecc2ca87aa0cc345b04c69440f1c03).
31-07-2025 00:01:41 - [discord.state] - [WARNING]: Member list scraping failed for 1381224020585877524 (Failed to automatically choose channels; please specify them manually).
31-07-2025 00:01:41 - [discord.state] - [WARNING]: Member list scraping failed for 1387873754683543654 (Failed to automatically choose channels; please specify them manually).
31-07-2025 00:01:41 - [discord.state] - [WARNING]: Member list scraping failed for 1333031195688042597 (Failed to automatically choose channels; please specify them manually).
31-07-2025 00:01:41 - [discord.state] - [WARNING]: Member list scraping failed for 979291341127311360 (Failed to automatically choose channels; please specify them manually).
31-07-2025 00:01:41 - [discord.state] - [WARNING]: Member list scraping failed for 1318586070212022352 (Failed to automatically choose channels; please specify them manually).
31-07-2025 00:01:42 - [SELFBOT] - [INFO]: Logged In As innocent_jimmy#0
31-07-2025 00:01:42 - [SELFBOT] - [INFO]: Loaded 1 Extensions
31-07-2025 00:01:42 - [SELFBOT] - [INFO]: Default Prefix: ['..']
31-07-2025 00:01:42 - [SELFBOT] - [INFO]: Cached Guilds: 74
31-07-2025 00:01:42 - [SELFBOT] - [INFO]: Cached Users: 5012
31-07-2025 00:01:42 - [SELFBOT] - [INFO]: Latency: 17ms
31-07-2025 00:02:04 - [discord.http] - [WARNING]: We are being rate limited. DELETE https://discord.com/api/v9/channels/1220441400739631145/messages/1400159045779984524 responded with 429. Retrying in 0.30 seconds.
31-07-2025 00:02:05 - [discord.http] - [WARNING]: We are being rate limited. DELETE https://discord.com/api/v9/channels/1220441400739631145/messages/1390965200752087110 responded with 429. Retrying in 0.30 seconds.
31-07-2025 00:02:06 - [discord.http] - [WARNING]: We are being rate limited. DELETE https://discord.com/api/v9/channels/1220441400739631145/messages/1388421540898668594 responded with 429. Retrying in 0.30 seconds.
31-07-2025 00:22:44 - [discord.ext.commands.bot] - [ERROR]: Ignoring exception in command None
discord.ext.commands.errors.CommandNotFound: Command "." is not found
31-07-2025 00:24:06 - [discord.ext.commands.bot] - [ERROR]: Ignoring exception in command None
discord.ext.commands.errors.CommandNotFound: Command ".." is not found
31-07-2025 00:26:02 - [discord.ext.commands.bot] - [ERROR]: Ignoring exception in command None
discord.ext.commands.errors.CommandNotFound: Command "....." is not found
31-07-2025 00:31:53 - [discord.client] - [INFO]: Logging in using static token.
31-07-2025 00:31:53 - [discord.http] - [INFO]: Found user agent Mozilla/5.0 (Windows NT 10.0; Win64; x64) AppleWebKit/537.36 (KHTML, like Gecko) Chrome/139.0.0.0 Safari/537.36, build number 424965.
31-07-2025 00:31:57 - [discord.gateway] - [INFO]: Connected to Gateway (Session ID: a0e623f6464976a31e3296d7ec03e0ed).
31-07-2025 00:31:58 - [discord.state] - [WARNING]: Member list scraping failed for 1381224020585877524 (Failed to automatically choose channels; please specify them manually).
31-07-2025 00:31:58 - [discord.state] - [WARNING]: Member list scraping failed for 1387873754683543654 (Failed to automatically choose channels; please specify them manually).
31-07-2025 00:31:58 - [discord.state] - [WARNING]: Member list scraping failed for 1333031195688042597 (Failed to automatically choose channels; please specify them manually).
31-07-2025 00:31:58 - [discord.state] - [WARNING]: Member list scraping failed for 979291341127311360 (Failed to automatically choose channels; please specify them manually).
31-07-2025 00:31:58 - [discord.state] - [WARNING]: Member list scraping failed for 1318586070212022352 (Failed to automatically choose channels; please specify them manually).
31-07-2025 00:31:59 - [SELFBOT] - [INFO]: Logged In As innocent_jimmy#0
31-07-2025 00:31:59 - [SELFBOT] - [INFO]: Loaded 1 Extensions
31-07-2025 00:31:59 - [SELFBOT] - [INFO]: Default Prefix: ['..']
31-07-2025 00:31:59 - [SELFBOT] - [INFO]: Cached Guilds: 74
31-07-2025 00:31:59 - [SELFBOT] - [INFO]: Cached Users: 4955
31-07-2025 00:31:59 - [SELFBOT] - [INFO]: Latency: 21ms
31-07-2025 00:37:08 - [discord.client] - [INFO]: Logging in using static token.
31-07-2025 00:37:09 - [discord.http] - [INFO]: Found user agent Mozilla/5.0 (Windows NT 10.0; Win64; x64) AppleWebKit/537.36 (KHTML, like Gecko) Chrome/139.0.0.0 Safari/537.36, build number 424965.
31-07-2025 00:37:11 - [discord.gateway] - [INFO]: Connected to Gateway (Session ID: 5717232d07b53e5e934218e54f8ec25e).
31-07-2025 00:37:12 - [discord.state] - [WARNING]: Member list scraping failed for 1381224020585877524 (Failed to automatically choose channels; please specify them manually).
31-07-2025 00:37:12 - [discord.state] - [WARNING]: Member list scraping failed for 1387873754683543654 (Failed to automatically choose channels; please specify them manually).
31-07-2025 00:37:12 - [discord.state] - [WARNING]: Member list scraping failed for 1333031195688042597 (Failed to automatically choose channels; please specify them manually).
31-07-2025 00:37:12 - [discord.state] - [WARNING]: Member list scraping failed for 979291341127311360 (Failed to automatically choose channels; please specify them manually).
31-07-2025 00:37:12 - [discord.state] - [WARNING]: Member list scraping failed for 1318586070212022352 (Failed to automatically choose channels; please specify them manually).
31-07-2025 00:37:13 - [SELFBOT] - [INFO]: Logged In As innocent_jimmy#0
31-07-2025 00:37:13 - [SELFBOT] - [INFO]: Loaded 1 Extensions
31-07-2025 00:37:13 - [SELFBOT] - [INFO]: Default Prefix: ['..']
31-07-2025 00:37:13 - [SELFBOT] - [INFO]: Cached Guilds: 74
31-07-2025 00:37:13 - [SELFBOT] - [INFO]: Cached Users: 4938
31-07-2025 00:37:13 - [SELFBOT] - [INFO]: Latency: 16ms
31-07-2025 00:37:22 - [discord.ext.commands.bot] - [ERROR]: Ignoring exception in command purge
Traceback (most recent call last):
  File "C:\Users\Administrator\AppData\Local\Programs\Python\Python310\lib\site-packages\discord\ext\commands\core.py", line 236, in wrapped
    ret = await coro(*args, **kwargs)
  File "C:\Users\Administrator\Desktop\Discord\cogs\hidden.py", line 18, in purge
    await ctx.send_cmd_help()
  File "C:\Users\Administrator\Desktop\Discord\core\context.py", line 71, in send_cmd_help
    pages = self.formatter.format_help_for(self, self.command)
AttributeError: 'CustomContext' object has no attribute 'formatter'

The above exception was the direct cause of the following exception:

Traceback (most recent call last):
  File "C:\Users\Administrator\AppData\Local\Programs\Python\Python310\lib\site-packages\discord\ext\commands\bot.py", line 1169, in invoke
    await ctx.command.invoke(ctx)
  File "C:\Users\Administrator\AppData\Local\Programs\Python\Python310\lib\site-packages\discord\ext\commands\core.py", line 1633, in invoke
    await injected(*ctx.args, **ctx.kwargs)  # type: ignore
  File "C:\Users\Administrator\AppData\Local\Programs\Python\Python310\lib\site-packages\discord\ext\commands\core.py", line 245, in wrapped
    raise CommandInvokeError(exc) from exc
discord.ext.commands.errors.CommandInvokeError: Command raised an exception: AttributeError: 'CustomContext' object has no attribute 'formatter'
31-07-2025 00:45:13 - [discord.ext.commands.bot] - [ERROR]: Ignoring exception in command None
discord.ext.commands.errors.CommandNotFound: Command ".." is not found
31-07-2025 00:52:18 - [discord.ext.commands.bot] - [ERROR]: Ignoring exception in command None
discord.ext.commands.errors.CommandNotFound: Command ".." is not found
31-07-2025 00:58:06 - [discord.ext.commands.bot] - [ERROR]: Ignoring exception in command None
discord.ext.commands.errors.CommandNotFound: Command ".." is not found
31-07-2025 00:59:49 - [discord.ext.commands.bot] - [ERROR]: Ignoring exception in command None
discord.ext.commands.errors.CommandNotFound: Command "." is not found
31-07-2025 01:01:51 - [discord.gateway] - [INFO]: Gateway has successfully RESUMED session 3ead05ff4afde6b11967fc080b5661ae.
31-07-2025 01:02:22 - [discord.ext.commands.bot] - [ERROR]: Ignoring exception in command None
discord.ext.commands.errors.CommandNotFound: Command ".." is not found
31-07-2025 01:07:18 - [discord.ext.commands.bot] - [ERROR]: Ignoring exception in command None
discord.ext.commands.errors.CommandNotFound: Command ".....h-h-hi.........." is not found
31-07-2025 01:11:08 - [discord.client] - [INFO]: Logging in using static token.
31-07-2025 01:11:08 - [discord.http] - [INFO]: Found user agent Mozilla/5.0 (Windows NT 10.0; Win64; x64) AppleWebKit/537.36 (KHTML, like Gecko) Chrome/139.0.0.0 Safari/537.36, build number 424965.
31-07-2025 01:11:12 - [discord.gateway] - [INFO]: Connected to Gateway (Session ID: 36cf1432fd323e814135e7b5a06dd33a).
31-07-2025 01:11:12 - [discord.state] - [WARNING]: Member list scraping failed for 1381224020585877524 (Failed to automatically choose channels; please specify them manually).
31-07-2025 01:11:12 - [discord.state] - [WARNING]: Member list scraping failed for 1387873754683543654 (Failed to automatically choose channels; please specify them manually).
31-07-2025 01:11:12 - [discord.state] - [WARNING]: Member list scraping failed for 1333031195688042597 (Failed to automatically choose channels; please specify them manually).
31-07-2025 01:11:12 - [discord.state] - [WARNING]: Member list scraping failed for 979291341127311360 (Failed to automatically choose channels; please specify them manually).
31-07-2025 01:11:12 - [discord.state] - [WARNING]: Member list scraping failed for 1318586070212022352 (Failed to automatically choose channels; please specify them manually).
31-07-2025 01:11:13 - [SELFBOT] - [INFO]: Logged In As innocent_jimmy#0
31-07-2025 01:11:13 - [SELFBOT] - [INFO]: Loaded 1 Extensions
31-07-2025 01:11:13 - [SELFBOT] - [INFO]: Default Prefix: ['..']
31-07-2025 01:11:13 - [SELFBOT] - [INFO]: Cached Guilds: 74
31-07-2025 01:11:13 - [SELFBOT] - [INFO]: Cached Users: 4922
31-07-2025 01:11:13 - [SELFBOT] - [INFO]: Latency: 20ms
31-07-2025 01:19:14 - [discord.client] - [INFO]: Logging in using static token.
31-07-2025 01:19:14 - [discord.http] - [INFO]: Found user agent Mozilla/5.0 (Windows NT 10.0; Win64; x64) AppleWebKit/537.36 (KHTML, like Gecko) Chrome/139.0.0.0 Safari/537.36, build number 424965.
31-07-2025 01:19:18 - [discord.gateway] - [INFO]: Connected to Gateway (Session ID: 042d9e72f596e28fa8a668dba0a4748d).
31-07-2025 01:19:19 - [discord.state] - [WARNING]: Member list scraping failed for 1381224020585877524 (Failed to automatically choose channels; please specify them manually).
31-07-2025 01:19:19 - [discord.state] - [WARNING]: Member list scraping failed for 1387873754683543654 (Failed to automatically choose channels; please specify them manually).
31-07-2025 01:19:19 - [discord.state] - [WARNING]: Member list scraping failed for 1333031195688042597 (Failed to automatically choose channels; please specify them manually).
31-07-2025 01:19:19 - [discord.state] - [WARNING]: Member list scraping failed for 979291341127311360 (Failed to automatically choose channels; please specify them manually).
31-07-2025 01:19:19 - [discord.state] - [WARNING]: Member list scraping failed for 1318586070212022352 (Failed to automatically choose channels; please specify them manually).
31-07-2025 01:19:22 - [SELFBOT] - [INFO]: Logged In As innocent_jimmy#0
31-07-2025 01:19:22 - [SELFBOT] - [INFO]: Loaded 1 Extensions
31-07-2025 01:19:22 - [SELFBOT] - [INFO]: Default Prefix: ['..']
31-07-2025 01:19:22 - [SELFBOT] - [INFO]: Cached Guilds: 74
31-07-2025 01:19:22 - [SELFBOT] - [INFO]: Cached Users: 4926
31-07-2025 01:19:22 - [SELFBOT] - [INFO]: Latency: 33ms
